This is pdfTeX, Version 3.141592653-2.6-1.40.25 (TeX Live 2023/Debian) (preloaded format=pdflatex 2025.12.11)  12 DEC 2025 19:41
entering extended mode
 restricted \write18 enabled.
 %&-line parsing enabled.
**cdc.tex
(./cdc.tex
LaTeX2e <2023-11-01> patch level 1
L3 programming layer <2024-01-22>
(/usr/share/texlive/texmf-dist/tex/latex/extsizes/extreport.cls
Document Class: extreport 1996/10/08 v1.0 Non Standard LaTeX document class
(/usr/share/texlive/texmf-dist/tex/latex/base/size12.clo
File: size12.clo 2023/05/17 v1.4n Standard LaTeX file (size option)
)
(/usr/share/texlive/texmf-dist/tex/latex/base/exscale.sty
Package: exscale 2018/09/24 v2.1i Standard LaTeX package exscale
LaTeX Font Info:    Redeclaring symbol font `largesymbols' on input line 57.
LaTeX Font Info:    Overwriting symbol font `largesymbols' in version `normal'
(Font)                  OMX/cmex/m/n --> OMX/cmex/m/n on input line 57.
LaTeX Font Info:    Overwriting symbol font `largesymbols' in version `bold'
(Font)                  OMX/cmex/m/n --> OMX/cmex/m/n on input line 57.
\big@size=\dimen140
)
\c@part=\count187
\c@chapter=\count188
\c@section=\count189
\c@subsection=\count190
\c@subsubsection=\count191
\c@paragraph=\count192
\c@subparagraph=\count193
\c@figure=\count194
\c@table=\count195
\abovecaptionskip=\skip48
\belowcaptionskip=\skip49
\bibindent=\dimen141
)
(/usr/share/texlive/texmf-dist/tex/latex/base/inputenc.sty
Package: inputenc 2021/02/14 v1.3d Input encoding file
\inpenc@prehook=\toks17
\inpenc@posthook=\toks18
)
(/usr/share/texlive/texmf-dist/tex/latex/base/fontenc.sty
Package: fontenc 2021/04/29 v2.0v Standard LaTeX package
)
(/usr/share/texlive/texmf-dist/tex/generic/babel/babel.sty
Package: babel 2024/01/07 v24.1 The Babel package
\babel@savecnt=\count196
\U@D=\dimen142
\l@unhyphenated=\language11

(/usr/share/texlive/texmf-dist/tex/generic/babel/txtbabel.def)
\bbl@readstream=\read2
\bbl@dirlevel=\count197
Package babel Info: Main language set with 'main='. Except if you have
(babel)             problems, prefer the default mechanism for setting
(babel)             the main language, ie, as the last declared.
(babel)             Reported on input line 4250.

(/usr/share/texlive/texmf-dist/tex/generic/babel-french/french.ldf
Language: french 2023-12-19 v3.5r French support from the babel system
Package babel Info: Hyphen rules for 'acadian' set to \l@french
(babel)             (\language5). Reported on input line 91.
Package babel Info: Hyphen rules for 'canadien' set to \l@french
(babel)             (\language5). Reported on input line 92.
\FB@stdchar=\count198
Package babel Info: Making : an active character on input line 420.
Package babel Info: Making ; an active character on input line 421.
Package babel Info: Making ! an active character on input line 422.
Package babel Info: Making ? an active character on input line 423.
\FBguill@level=\count199
\FBold@everypar=\toks19
\FB@Mht=\dimen143
\mc@charclass=\count266
\mc@charfam=\count267
\mc@charslot=\count268
\std@mcc=\count269
\dec@mcc=\count270
\FB@parskip=\dimen144
\listindentFB=\dimen145
\descindentFB=\dimen146
\labelindentFB=\dimen147
\labelwidthFB=\dimen148
\leftmarginFB=\dimen149
\parindentFFN=\dimen150
\FBfnindent=\dimen151
))
(/usr/share/texlive/texmf-dist/tex/generic/babel/locale/fr/babel-french.tex
Package babel Info: Importing font and identification data for french
(babel)             from babel-fr.ini. Reported on input line 11.
)
(/usr/share/texlive/texmf-dist/tex/latex/carlisle/scalefnt.sty)
(/usr/share/texlive/texmf-dist/tex/latex/graphics/keyval.sty
Package: keyval 2022/05/29 v1.15 key=value parser (DPC)
\KV@toks@=\toks20
)
(/usr/share/texmf/tex/latex/lm/lmodern.sty
Package: lmodern 2015/05/01 v1.6.1 Latin Modern Fonts
LaTeX Font Info:    Overwriting symbol font `operators' in version `normal'
(Font)                  OT1/cmr/m/n --> OT1/lmr/m/n on input line 22.
LaTeX Font Info:    Overwriting symbol font `letters' in version `normal'
(Font)                  OML/cmm/m/it --> OML/lmm/m/it on input line 23.
LaTeX Font Info:    Overwriting symbol font `symbols' in version `normal'
(Font)                  OMS/cmsy/m/n --> OMS/lmsy/m/n on input line 24.
LaTeX Font Info:    Overwriting symbol font `largesymbols' in version `normal'
(Font)                  OMX/cmex/m/n --> OMX/lmex/m/n on input line 25.
LaTeX Font Info:    Overwriting symbol font `operators' in version `bold'
(Font)                  OT1/cmr/bx/n --> OT1/lmr/bx/n on input line 26.
LaTeX Font Info:    Overwriting symbol font `letters' in version `bold'
(Font)                  OML/cmm/b/it --> OML/lmm/b/it on input line 27.
LaTeX Font Info:    Overwriting symbol font `symbols' in version `bold'
(Font)                  OMS/cmsy/b/n --> OMS/lmsy/b/n on input line 28.
LaTeX Font Info:    Overwriting symbol font `largesymbols' in version `bold'
(Font)                  OMX/cmex/m/n --> OMX/lmex/m/n on input line 29.
LaTeX Font Info:    Overwriting math alphabet `\mathbf' in version `normal'
(Font)                  OT1/cmr/bx/n --> OT1/lmr/bx/n on input line 31.
LaTeX Font Info:    Overwriting math alphabet `\mathsf' in version `normal'
(Font)                  OT1/cmss/m/n --> OT1/lmss/m/n on input line 32.
LaTeX Font Info:    Overwriting math alphabet `\mathit' in version `normal'
(Font)                  OT1/cmr/m/it --> OT1/lmr/m/it on input line 33.
LaTeX Font Info:    Overwriting math alphabet `\mathtt' in version `normal'
(Font)                  OT1/cmtt/m/n --> OT1/lmtt/m/n on input line 34.
LaTeX Font Info:    Overwriting math alphabet `\mathbf' in version `bold'
(Font)                  OT1/cmr/bx/n --> OT1/lmr/bx/n on input line 35.
LaTeX Font Info:    Overwriting math alphabet `\mathsf' in version `bold'
(Font)                  OT1/cmss/bx/n --> OT1/lmss/bx/n on input line 36.
LaTeX Font Info:    Overwriting math alphabet `\mathit' in version `bold'
(Font)                  OT1/cmr/bx/it --> OT1/lmr/bx/it on input line 37.
LaTeX Font Info:    Overwriting math alphabet `\mathtt' in version `bold'
(Font)                  OT1/cmtt/m/n --> OT1/lmtt/m/n on input line 38.
)
(/usr/share/texlive/texmf-dist/tex/latex/geometry/geometry.sty
Package: geometry 2020/01/02 v5.9 Page Geometry

(/usr/share/texlive/texmf-dist/tex/generic/iftex/ifvtex.sty
Package: ifvtex 2019/10/25 v1.7 ifvtex legacy package. Use iftex instead.

(/usr/share/texlive/texmf-dist/tex/generic/iftex/iftex.sty
Package: iftex 2022/02/03 v1.0f TeX engine tests
))
\Gm@cnth=\count271
\Gm@cntv=\count272
\c@Gm@tempcnt=\count273
\Gm@bindingoffset=\dimen152
\Gm@wd@mp=\dimen153
\Gm@odd@mp=\dimen154
\Gm@even@mp=\dimen155
\Gm@layoutwidth=\dimen156
\Gm@layoutheight=\dimen157
\Gm@layouthoffset=\dimen158
\Gm@layoutvoffset=\dimen159
\Gm@dimlist=\toks21
)
(/usr/share/texlive/texmf-dist/tex/latex/graphics/graphicx.sty
Package: graphicx 2021/09/16 v1.2d Enhanced LaTeX Graphics (DPC,SPQR)

(/usr/share/texlive/texmf-dist/tex/latex/graphics/graphics.sty
Package: graphics 2022/03/10 v1.4e Standard LaTeX Graphics (DPC,SPQR)

(/usr/share/texlive/texmf-dist/tex/latex/graphics/trig.sty
Package: trig 2021/08/11 v1.11 sin cos tan (DPC)
)
(/usr/share/texlive/texmf-dist/tex/latex/graphics-cfg/graphics.cfg
File: graphics.cfg 2016/06/04 v1.11 sample graphics configuration
)
Package graphics Info: Driver file: pdftex.def on input line 107.

(/usr/share/texlive/texmf-dist/tex/latex/graphics-def/pdftex.def
File: pdftex.def 2022/09/22 v1.2b Graphics/color driver for pdftex
))
\Gin@req@height=\dimen160
\Gin@req@width=\dimen161
)
(/usr/share/texlive/texmf-dist/tex/latex/float/float.sty
Package: float 2001/11/08 v1.3d Float enhancements (AL)
\c@float@type=\count274
\float@exts=\toks22
\float@box=\box51
\@float@everytoks=\toks23
\@floatcapt=\box52
)
(/usr/share/texlive/texmf-dist/tex/latex/hyperref/hyperref.sty
Package: hyperref 2024-01-20 v7.01h Hypertext links for LaTeX

(/usr/share/texlive/texmf-dist/tex/latex/kvsetkeys/kvsetkeys.sty
Package: kvsetkeys 2022-10-05 v1.19 Key value parser (HO)
)
(/usr/share/texlive/texmf-dist/tex/generic/kvdefinekeys/kvdefinekeys.sty
Package: kvdefinekeys 2019-12-19 v1.6 Define keys (HO)
)
(/usr/share/texlive/texmf-dist/tex/generic/pdfescape/pdfescape.sty
Package: pdfescape 2019/12/09 v1.15 Implements pdfTeX's escape features (HO)

(/usr/share/texlive/texmf-dist/tex/generic/ltxcmds/ltxcmds.sty
Package: ltxcmds 2023-12-04 v1.26 LaTeX kernel commands for general use (HO)
)
(/usr/share/texlive/texmf-dist/tex/generic/pdftexcmds/pdftexcmds.sty
Package: pdftexcmds 2020-06-27 v0.33 Utility functions of pdfTeX for LuaTeX (HO
)

(/usr/share/texlive/texmf-dist/tex/generic/infwarerr/infwarerr.sty
Package: infwarerr 2019/12/03 v1.5 Providing info/warning/error messages (HO)
)
Package pdftexcmds Info: \pdf@primitive is available.
Package pdftexcmds Info: \pdf@ifprimitive is available.
Package pdftexcmds Info: \pdfdraftmode found.
))
(/usr/share/texlive/texmf-dist/tex/latex/hycolor/hycolor.sty
Package: hycolor 2020-01-27 v1.10 Color options for hyperref/bookmark (HO)
)
(/usr/share/texlive/texmf-dist/tex/latex/auxhook/auxhook.sty
Package: auxhook 2019-12-17 v1.6 Hooks for auxiliary files (HO)
)
(/usr/share/texlive/texmf-dist/tex/latex/hyperref/nameref.sty
Package: nameref 2023-11-26 v2.56 Cross-referencing by name of section

(/usr/share/texlive/texmf-dist/tex/latex/refcount/refcount.sty
Package: refcount 2019/12/15 v3.6 Data extraction from label references (HO)
)
(/usr/share/texlive/texmf-dist/tex/generic/gettitlestring/gettitlestring.sty
Package: gettitlestring 2019/12/15 v1.6 Cleanup title references (HO)

(/usr/share/texlive/texmf-dist/tex/latex/kvoptions/kvoptions.sty
Package: kvoptions 2022-06-15 v3.15 Key value format for package options (HO)
))
\c@section@level=\count275
)
(/usr/share/texlive/texmf-dist/tex/latex/etoolbox/etoolbox.sty
Package: etoolbox 2020/10/05 v2.5k e-TeX tools for LaTeX (JAW)
\etb@tempcnta=\count276
)
\@linkdim=\dimen162
\Hy@linkcounter=\count277
\Hy@pagecounter=\count278

(/usr/share/texlive/texmf-dist/tex/latex/hyperref/pd1enc.def
File: pd1enc.def 2024-01-20 v7.01h Hyperref: PDFDocEncoding definition (HO)
Now handling font encoding PD1 ...
... no UTF-8 mapping file for font encoding PD1
)
(/usr/share/texlive/texmf-dist/tex/generic/intcalc/intcalc.sty
Package: intcalc 2019/12/15 v1.3 Expandable calculations with integers (HO)
)
\Hy@SavedSpaceFactor=\count279

(/usr/share/texlive/texmf-dist/tex/latex/hyperref/puenc.def
File: puenc.def 2024-01-20 v7.01h Hyperref: PDF Unicode definition (HO)
Now handling font encoding PU ...
... no UTF-8 mapping file for font encoding PU
)
Package hyperref Info: Hyper figures OFF on input line 4179.
Package hyperref Info: Link nesting OFF on input line 4184.
Package hyperref Info: Hyper index ON on input line 4187.
Package hyperref Info: Plain pages OFF on input line 4194.
Package hyperref Info: Backreferencing OFF on input line 4199.
Package hyperref Info: Implicit mode ON; LaTeX internals redefined.
Package hyperref Info: Bookmarks ON on input line 4446.
\c@Hy@tempcnt=\count280

(/usr/share/texlive/texmf-dist/tex/latex/url/url.sty
\Urlmuskip=\muskip16
Package: url 2013/09/16  ver 3.4  Verb mode for urls, etc.
)
LaTeX Info: Redefining \url on input line 4784.
\XeTeXLinkMargin=\dimen163

(/usr/share/texlive/texmf-dist/tex/generic/bitset/bitset.sty
Package: bitset 2019/12/09 v1.3 Handle bit-vector datatype (HO)

(/usr/share/texlive/texmf-dist/tex/generic/bigintcalc/bigintcalc.sty
Package: bigintcalc 2019/12/15 v1.5 Expandable calculations on big integers (HO
)
))
\Fld@menulength=\count281
\Field@Width=\dimen164
\Fld@charsize=\dimen165
Package hyperref Info: Hyper figures OFF on input line 6063.
Package hyperref Info: Link nesting OFF on input line 6068.
Package hyperref Info: Hyper index ON on input line 6071.
Package hyperref Info: backreferencing OFF on input line 6078.
Package hyperref Info: Link coloring OFF on input line 6083.
Package hyperref Info: Link coloring with OCG OFF on input line 6088.
Package hyperref Info: PDF/A mode OFF on input line 6093.

(/usr/share/texlive/texmf-dist/tex/latex/base/atbegshi-ltx.sty
Package: atbegshi-ltx 2021/01/10 v1.0c Emulation of the original atbegshi
package with kernel methods
)
\Hy@abspage=\count282
\c@Item=\count283
\c@Hfootnote=\count284
)
Package hyperref Info: Driver (autodetected): hpdftex.

(/usr/share/texlive/texmf-dist/tex/latex/hyperref/hpdftex.def
File: hpdftex.def 2024-01-20 v7.01h Hyperref driver for pdfTeX

(/usr/share/texlive/texmf-dist/tex/latex/base/atveryend-ltx.sty
Package: atveryend-ltx 2020/08/19 v1.0a Emulation of the original atveryend pac
kage
with kernel methods
)
\Fld@listcount=\count285
\c@bookmark@seq@number=\count286

(/usr/share/texlive/texmf-dist/tex/latex/rerunfilecheck/rerunfilecheck.sty
Package: rerunfilecheck 2022-07-10 v1.10 Rerun checks for auxiliary files (HO)

(/usr/share/texlive/texmf-dist/tex/generic/uniquecounter/uniquecounter.sty
Package: uniquecounter 2019/12/15 v1.4 Provide unlimited unique counter (HO)
)
Package uniquecounter Info: New unique counter `rerunfilecheck' on input line 2
85.
)
\Hy@SectionHShift=\skip50
)
(/usr/share/texlive/texmf-dist/tex/latex/titlesec/titlesec.sty
Package: titlesec 2023/10/27 v2.16 Sectioning titles
\ttl@box=\box53
\beforetitleunit=\skip51
\aftertitleunit=\skip52
\ttl@plus=\dimen166
\ttl@minus=\dimen167
\ttl@toksa=\toks24
\titlewidth=\dimen168
\titlewidthlast=\dimen169
\titlewidthfirst=\dimen170
)
(/usr/share/texlive/texmf-dist/tex/latex/tools/indentfirst.sty
Package: indentfirst 2023/07/02 v1.03 Indent first paragraph (DPC)
)
LaTeX Font Info:    Trying to load font information for T1+lmr on input line 38
.

(/usr/share/texmf/tex/latex/lm/t1lmr.fd
File: t1lmr.fd 2015/05/01 v1.6.1 Font defs for Latin Modern
)
(/usr/share/texlive/texmf-dist/tex/latex/l3backend/l3backend-pdftex.def
File: l3backend-pdftex.def 2024-01-04 L3 backend support: PDF output (pdfTeX)
\l__color_backend_stack_int=\count287
\l__pdf_internal_box=\box54
)
(./cdc.aux)
\openout1 = `cdc.aux'.

LaTeX Font Info:    Checking defaults for OML/cmm/m/it on input line 38.
LaTeX Font Info:    ... okay on input line 38.
LaTeX Font Info:    Checking defaults for OMS/cmsy/m/n on input line 38.
LaTeX Font Info:    ... okay on input line 38.
LaTeX Font Info:    Checking defaults for OT1/cmr/m/n on input line 38.
LaTeX Font Info:    ... okay on input line 38.
LaTeX Font Info:    Checking defaults for T1/cmr/m/n on input line 38.
LaTeX Font Info:    ... okay on input line 38.
LaTeX Font Info:    Checking defaults for TS1/cmr/m/n on input line 38.
LaTeX Font Info:    ... okay on input line 38.
LaTeX Font Info:    Checking defaults for OMX/cmex/m/n on input line 38.
LaTeX Font Info:    ... okay on input line 38.
LaTeX Font Info:    Checking defaults for U/cmr/m/n on input line 38.
LaTeX Font Info:    ... okay on input line 38.
LaTeX Font Info:    Checking defaults for PD1/pdf/m/n on input line 38.
LaTeX Font Info:    ... okay on input line 38.
LaTeX Font Info:    Checking defaults for PU/pdf/m/n on input line 38.
LaTeX Font Info:    ... okay on input line 38.
LaTeX Info: Redefining \degres on input line 38.
LaTeX Info: Redefining \up on input line 38.

*geometry* driver: auto-detecting
*geometry* detected driver: pdftex
*geometry* verbose mode - [ preamble ] result:
* driver: pdftex
* paper: <default>
* layout: <same size as paper>
* layoutoffset:(h,v)=(0.0pt,0.0pt)
* modes: 
* h-part:(L,W,R)=(72.26999pt, 469.75502pt, 72.26999pt)
* v-part:(T,H,B)=(72.26999pt, 650.43001pt, 72.26999pt)
* \paperwidth=614.295pt
* \paperheight=794.96999pt
* \textwidth=469.75502pt
* \textheight=650.43001pt
* \oddsidemargin=0.0pt
* \evensidemargin=0.0pt
* \topmargin=-37.0pt
* \headheight=12.0pt
* \headsep=25.0pt
* \topskip=12.0pt
* \footskip=30.0pt
* \marginparwidth=44.0pt
* \marginparsep=10.0pt
* \columnsep=10.0pt
* \skip\footins=10.8pt plus 4.0pt minus 2.0pt
* \hoffset=0.0pt
* \voffset=0.0pt
* \mag=1000
* \@twocolumnfalse
* \@twosidefalse
* \@mparswitchfalse
* \@reversemarginfalse
* (1in=72.27pt=25.4mm, 1cm=28.453pt)

(/usr/share/texlive/texmf-dist/tex/context/base/mkii/supp-pdf.mkii
[Loading MPS to PDF converter (version 2006.09.02).]
\scratchcounter=\count288
\scratchdimen=\dimen171
\scratchbox=\box55
\nofMPsegments=\count289
\nofMParguments=\count290
\everyMPshowfont=\toks25
\MPscratchCnt=\count291
\MPscratchDim=\dimen172
\MPnumerator=\count292
\makeMPintoPDFobject=\count293
\everyMPtoPDFconversion=\toks26
) (/usr/share/texlive/texmf-dist/tex/latex/epstopdf-pkg/epstopdf-base.sty
Package: epstopdf-base 2020-01-24 v2.11 Base part for package epstopdf
Package epstopdf-base Info: Redefining graphics rule for `.eps' on input line 4
85.

(/usr/share/texlive/texmf-dist/tex/latex/latexconfig/epstopdf-sys.cfg
File: epstopdf-sys.cfg 2010/07/13 v1.3 Configuration of (r)epstopdf for TeX Liv
e
))
Package hyperref Info: Link coloring OFF on input line 38.

(./cdc.out) (./cdc.out)
\@outlinefile=\write3
\openout3 = `cdc.out'.

 [1

{/var/lib/texmf/fonts/map/pdftex/updmap/pdftex.map}{/usr/share/texmf/fonts/enc/
dvips/lm/lm-ec.enc}] (./cdc.toc
LaTeX Font Info:    Trying to load font information for OT1+lmr on input line 6
.

(/usr/share/texmf/tex/latex/lm/ot1lmr.fd
File: ot1lmr.fd 2015/05/01 v1.6.1 Font defs for Latin Modern
)
LaTeX Font Info:    Trying to load font information for OML+lmm on input line 6
.

(/usr/share/texmf/tex/latex/lm/omllmm.fd
File: omllmm.fd 2015/05/01 v1.6.1 Font defs for Latin Modern
)
LaTeX Font Info:    Trying to load font information for OMS+lmsy on input line 
6.

(/usr/share/texmf/tex/latex/lm/omslmsy.fd
File: omslmsy.fd 2015/05/01 v1.6.1 Font defs for Latin Modern
)
LaTeX Font Info:    Trying to load font information for OMX+lmex on input line 
6.

(/usr/share/texmf/tex/latex/lm/omxlmex.fd
File: omxlmex.fd 2015/05/01 v1.6.1 Font defs for Latin Modern
)
LaTeX Font Info:    External font `lmex10' loaded for size
(Font)              <12> on input line 6.
LaTeX Font Info:    External font `lmex10' loaded for size
(Font)              <8> on input line 6.
LaTeX Font Info:    External font `lmex10' loaded for size
(Font)              <6> on input line 6.
)
\tf@toc=\write4
\openout4 = `cdc.toc'.


pdfTeX warning (ext4): destination with the same identifier (name{page.1}) has 
been already used, duplicate ignored
<to be read again> 
                   \relax 
l.57 	\begin{abstract}
                       [1

]
pdfTeX warning (ext4): destination with the same identifier (name{page.1}) has 
been already used, duplicate ignored
<to be read again> 
                   \relax 
l.60 	\end{abstract}
                     [1]
Chapitre 1.

pdfTeX warning (ext4): destination with the same identifier (name{page.1}) has 
been already used, duplicate ignored
<to be read again> 
                   \relax 
l.84 	\chapter
              {Diagramme de contexte statique} [1

]
Chapitre 2.
<sources/diag1.pdf, id=152, 256.96pt x 258.9675pt>
File: sources/diag1.pdf Graphic file (type pdf)
<use sources/diag1.pdf>
Package pdftex.def Info: sources/diag1.pdf  used on input line 88.
(pdftex.def)             Requested size: 469.75502pt x 473.46327pt.
[2

 <./sources/diag1.pdf>]
Chapitre 3.
<sources/diag2.pdf, id=168, 687.76952pt x 773.28896pt>
File: sources/diag2.pdf Graphic file (type pdf)
<use sources/diag2.pdf>
Package pdftex.def Info: sources/diag2.pdf  used on input line 98.
(pdftex.def)             Requested size: 469.75502pt x 528.17763pt.
[3

]
Overfull \vbox (37.28581pt too high) has occurred while \output is active []


[4 <./sources/diag2.pdf>]
Overfull \hbox (1.6704pt too wide) in paragraph at lines 105--105
|[]\T1/lmr/bx/n/17.28 Description du cas d'uti-li-sa-tion 1 : Créer un compte| 

 []


Underfull \hbox (badness 10000) in paragraph at lines 124--141

 []

[5]
Underfull \hbox (badness 10000) in paragraph at lines 142--145

 []


Underfull \hbox (badness 10000) in paragraph at lines 146--153

 []


Underfull \hbox (badness 10000) in paragraph at lines 154--161

 []

<sources/diag3.pdf, id=201, 789.70032pt x 1129.97156pt>
File: sources/diag3.pdf Graphic file (type pdf)
<use sources/diag3.pdf>
Package pdftex.def Info: sources/diag3.pdf  used on input line 171.
(pdftex.def)             Requested size: 469.75502pt x 672.16039pt.
[6]
Overfull \vbox (50.7386pt too high) has occurred while \output is active []


[7 <./sources/diag3.pdf>]
Overfull \hbox (1.78627pt too wide) in paragraph at lines 178--178
|[]\T1/lmr/bx/n/17.28 Description du cas d'uti-li-sa-tion 2 : Vé-ri-fier l'adre
sse
 []


Underfull \hbox (badness 10000) in paragraph at lines 196--206

 []


Underfull \hbox (badness 10000) in paragraph at lines 207--210

 []

[8]
<sources/diag4.pdf, id=233, 849.92531pt x 663.22781pt>
File: sources/diag4.pdf Graphic file (type pdf)
<use sources/diag4.pdf>
Package pdftex.def Info: sources/diag4.pdf  used on input line 221.
(pdftex.def)             Requested size: 469.75502pt x 366.56767pt.
 [9 <./sources/diag4.pdf>]
Underfull \hbox (badness 10000) in paragraph at lines 247--253

 []

<sources/diag5.pdf, id=253, 469.755pt x 397.485pt>
File: sources/diag5.pdf Graphic file (type pdf)
<use sources/diag5.pdf>
Package pdftex.def Info: sources/diag5.pdf  used on input line 260.
(pdftex.def)             Requested size: 469.75502pt x 397.48402pt.
[10] [11 <./sources/diag5.pdf>]
Underfull \hbox (badness 10000) in paragraph at lines 286--297

 []

[12]
<sources/diag6.pdf, id=290, 540.51938pt x 594.72188pt>
File: sources/diag6.pdf Graphic file (type pdf)
<use sources/diag6.pdf>
Package pdftex.def Info: sources/diag6.pdf  used on input line 308.
(pdftex.def)             Requested size: 469.75502pt x 516.87753pt.
 [13] [14 <./sources/diag6.pdf>]
Underfull \hbox (badness 10000) in paragraph at lines 334--342

 []

<sources/diag7.pdf, id=315, 398.23781pt x 462.22687pt>
File: sources/diag7.pdf Graphic file (type pdf)
<use sources/diag7.pdf>
Package pdftex.def Info: sources/diag7.pdf  used on input line 349.
(pdftex.def)             Requested size: 469.75502pt x 545.25371pt.
[15] [16 <./sources/diag7.pdf>]
Underfull \hbox (badness 10000) in paragraph at lines 375--379

 []


Underfull \hbox (badness 10000) in paragraph at lines 380--384

 []


Underfull \hbox (badness 10000) in paragraph at lines 385--388

 []

<sources/diag8.pdf, id=344, 421.575pt x 419.31656pt>
File: sources/diag8.pdf Graphic file (type pdf)
<use sources/diag8.pdf>
Package pdftex.def Info: sources/diag8.pdf  used on input line 392.
(pdftex.def)             Requested size: 469.75502pt x 467.24478pt.
[17] [18 <./sources/diag8.pdf>]
Underfull \hbox (badness 10000) in paragraph at lines 418--421

 []

<sources/diag9.pdf, id=372, 344.03531pt x 393.72093pt>
File: sources/diag9.pdf Graphic file (type pdf)
<use sources/diag9.pdf>
Package pdftex.def Info: sources/diag9.pdf  used on input line 424.
(pdftex.def)             Requested size: 469.75502pt x 537.59813pt.
[19] [20 <./sources/diag9.pdf>]
Underfull \hbox (badness 10000) in paragraph at lines 449--452

 []


Underfull \hbox (badness 10000) in paragraph at lines 453--459

 []


Underfull \hbox (badness 10000) in paragraph at lines 460--463

 []

[21]
Underfull \hbox (badness 10000) in paragraph at lines 464--467

 []

<sources/diag10.pdf, id=408, 475.02469pt x 586.44093pt>
File: sources/diag10.pdf Graphic file (type pdf)
<use sources/diag10.pdf>
Package pdftex.def Info: sources/diag10.pdf  used on input line 472.
(pdftex.def)             Requested size: 469.75502pt x 579.96086pt.
[22] [23 <./sources/diag10.pdf>]
<sources/diag11.pdf, id=434, 399.74344pt x 901.11656pt>
File: sources/diag11.pdf Graphic file (type pdf)
<use sources/diag11.pdf>
Package pdftex.def Info: sources/diag11.pdf  used on input line 503.
(pdftex.def)             Requested size: 279.81848pt x 630.7773pt.
 [24]
Overfull \vbox (9.35551pt too high) has occurred while \output is active []


[25 <./sources/diag11.pdf>]
Underfull \hbox (badness 10000) in paragraph at lines 528--536

 []

[26]
<sources/diag12.pdf, id=470, 480.29437pt x 537.50812pt>
File: sources/diag12.pdf Graphic file (type pdf)
<use sources/diag12.pdf>
Package pdftex.def Info: sources/diag12.pdf  used on input line 546.
(pdftex.def)             Requested size: 469.75502pt x 525.72095pt.
 [27 <./sources/diag12.pdf>]
Underfull \hbox (badness 10000) in paragraph at lines 571--573

 []


Underfull \hbox (badness 10000) in paragraph at lines 574--577

 []


Underfull \hbox (badness 10000) in paragraph at lines 578--582

 []


Underfull \hbox (badness 10000) in paragraph at lines 583--586

 []

[28]
<sources/diag13.pdf, id=499, 507.39563pt x 520.94624pt>
File: sources/diag13.pdf Graphic file (type pdf)
<use sources/diag13.pdf>
Package pdftex.def Info: sources/diag13.pdf  used on input line 595.
(pdftex.def)             Requested size: 469.75502pt x 482.31288pt.
 [29] [30 <./sources/diag13.pdf>]
Underfull \hbox (badness 10000) in paragraph at lines 620--622

 []


Underfull \hbox (badness 10000) in paragraph at lines 623--626

 []


Underfull \hbox (badness 10000) in paragraph at lines 627--629

 []


Underfull \hbox (badness 10000) in paragraph at lines 630--632

 []


Underfull \hbox (badness 10000) in paragraph at lines 633--635

 []

[31]
Underfull \hbox (badness 10000) in paragraph at lines 636--638

 []

<sources/diag14.pdf, id=531, 371.88937pt x 486.31688pt>
File: sources/diag14.pdf Graphic file (type pdf)
<use sources/diag14.pdf>
Package pdftex.def Info: sources/diag14.pdf  used on input line 645.
(pdftex.def)             Requested size: 469.75502pt x 614.31342pt.
[32] [33 <./sources/diag14.pdf>]
Underfull \hbox (badness 10000) in paragraph at lines 670--673

 []


Underfull \hbox (badness 10000) in paragraph at lines 674--675

 []


Underfull \hbox (badness 10000) in paragraph at lines 676--681

 []


Underfull \hbox (badness 10000) in paragraph at lines 682--686

 []

[34]
<sources/diag15.pdf, id=565, 438.8897pt x 659.46375pt>
File: sources/diag15.pdf Graphic file (type pdf)
<use sources/diag15.pdf>
Package pdftex.def Info: sources/diag15.pdf  used on input line 689.
(pdftex.def)             Requested size: 394.99707pt x 593.51189pt.
 [35] [36 <./sources/diag15.pdf>]
<sources/diag16.pdf, id=589, 284.56313pt x 220.57407pt>
File: sources/diag16.pdf Graphic file (type pdf)
<use sources/diag16.pdf>
Package pdftex.def Info: sources/diag16.pdf  used on input line 723.
(pdftex.def)             Requested size: 469.75502pt x 364.16035pt.
 [37] [38 <./sources/diag16.pdf>]
Underfull \hbox (badness 10000) in paragraph at lines 748--758

 []

<sources/diag17.pdf, id=617, 290.58563pt x 494.59781pt>
File: sources/diag17.pdf Graphic file (type pdf)
<use sources/diag17.pdf>
Package pdftex.def Info: sources/diag17.pdf  used on input line 765.
(pdftex.def)             Requested size: 290.58492pt x 494.59659pt.
[39] [40 <./sources/diag17.pdf>]
Underfull \hbox (badness 10000) in paragraph at lines 790--791

 []


Underfull \hbox (badness 10000) in paragraph at lines 792--798

 []


Underfull \hbox (badness 10000) in paragraph at lines 799--806

 []

[41]
Underfull \hbox (badness 10000) in paragraph at lines 807--813

 []

<sources/diag18.pdf, id=655, 465.23813pt x 588.69937pt>
File: sources/diag18.pdf Graphic file (type pdf)
<use sources/diag18.pdf>
Package pdftex.def Info: sources/diag18.pdf  used on input line 816.
(pdftex.def)             Requested size: 469.75502pt x 594.43793pt.
[42] [43 <./sources/diag18.pdf>]
Underfull \hbox (badness 10000) in paragraph at lines 841--843

 []


Underfull \hbox (badness 10000) in paragraph at lines 844--850

 []

<sources/diag21.pdf, id=679, 379.4175pt x 434.37282pt>
File: sources/diag21.pdf Graphic file (type pdf)
<use sources/diag21.pdf>
Package pdftex.def Info: sources/diag21.pdf  used on input line 857.
(pdftex.def)             Requested size: 469.75502pt x 537.8081pt.
[44] [45 <./sources/diag21.pdf>]
Chapitre 4.
<sources/diag19.pdf, id=708, 418.56375pt x 358.33875pt>
File: sources/diag19.pdf Graphic file (type pdf)
<use sources/diag19.pdf>
Package pdftex.def Info: sources/diag19.pdf  used on input line 870.
(pdftex.def)             Requested size: 469.75502pt x 402.16231pt.
<sources/diag20.pdf, id=709, 1136.74687pt x 450.18187pt>
File: sources/diag20.pdf Graphic file (type pdf)
<use sources/diag20.pdf>
Package pdftex.def Info: sources/diag20.pdf  used on input line 879.
(pdftex.def)             Requested size: 469.75502pt x 186.0389pt.
[46

 <./sources/diag19.pdf>]
<sources/1.png, id=724, 813.0375pt x 1445.4pt>
File: sources/1.png Graphic file (type png)
<use sources/1.png>
Package pdftex.def Info: sources/1.png  used on input line 889.
(pdftex.def)             Requested size: 328.82707pt x 584.56776pt.
 [47 <./sources/diag20.pdf>] [48]
Overfull \vbox (11.32628pt too high) has occurred while \output is active []


[49 <./sources/1.png (PNG copy)>]
<sources/2.png, id=753, 813.0375pt x 1445.4pt>
File: sources/2.png Graphic file (type png)
<use sources/2.png>
Package pdftex.def Info: sources/2.png  used on input line 896.
(pdftex.def)             Requested size: 328.82707pt x 584.56776pt.
<sources/3.png, id=754, 813.0375pt x 1445.4pt>
File: sources/3.png Graphic file (type png)
<use sources/3.png>
Package pdftex.def Info: sources/3.png  used on input line 903.
(pdftex.def)             Requested size: 328.82707pt x 584.56776pt.
 [50 <./sources/2.png (PNG copy)>]
<sources/4.png, id=760, 813.0375pt x 1445.4pt>
File: sources/4.png Graphic file (type png)
<use sources/4.png>
Package pdftex.def Info: sources/4.png  used on input line 910.
(pdftex.def)             Requested size: 328.82707pt x 584.56776pt.
 [51 <./sources/3.png (PNG copy)>]
<sources/5.png, id=766, 813.0375pt x 1445.4pt>
File: sources/5.png Graphic file (type png)
<use sources/5.png>
Package pdftex.def Info: sources/5.png  used on input line 917.
(pdftex.def)             Requested size: 328.82707pt x 584.56776pt.
 [52 <./sources/4.png (PNG copy)>]
<sources/6.png, id=773, 813.0375pt x 1445.4pt>
File: sources/6.png Graphic file (type png)
<use sources/6.png>
Package pdftex.def Info: sources/6.png  used on input line 924.
(pdftex.def)             Requested size: 328.82707pt x 584.56776pt.
 [53 <./sources/5.png (PNG copy)>]
<sources/7.png, id=779, 813.0375pt x 1445.4pt>
File: sources/7.png Graphic file (type png)
<use sources/7.png>
Package pdftex.def Info: sources/7.png  used on input line 931.
(pdftex.def)             Requested size: 328.82707pt x 584.56776pt.
 [54 <./sources/6.png (PNG copy)>]
<sources/8.png, id=785, 813.0375pt x 1445.4pt>
File: sources/8.png Graphic file (type png)
<use sources/8.png>
Package pdftex.def Info: sources/8.png  used on input line 938.
(pdftex.def)             Requested size: 328.82707pt x 584.56776pt.
 [55 <./sources/7.png (PNG copy)>]

pdfTeX warning: /usr/bin/pdflatex (file ./sources/dico.pdf): PDF inclusion: fou
nd PDF version <1.7>, but at most version <1.5> allowed
<sources/dico.pdf, id=791, 482.80376pt x 211.79124pt>
File: sources/dico.pdf Graphic file (type pdf)
<use sources/dico.pdf>
Package pdftex.def Info: sources/dico.pdf  used on input line 947.
(pdftex.def)             Requested size: 469.75502pt x 206.0739pt.
[56 <./sources/8.png (PNG copy)>]
<sources/diagEA.pdf, id=797, 576.1525pt x 402.50375pt>
File: sources/diagEA.pdf Graphic file (type pdf)
<use sources/diagEA.pdf>
Package pdftex.def Info: sources/diagEA.pdf  used on input line 955.
(pdftex.def)             Requested size: 469.75502pt x 328.18813pt.
 [57 <./sources/dico.pdf>] [58 <./sources/diagEA.pdf>] (./cdc.aux)
 ***********
LaTeX2e <2023-11-01> patch level 1
L3 programming layer <2024-01-22>
 ***********
Package rerunfilecheck Info: File `cdc.out' has not changed.
(rerunfilecheck)             Checksum: DF6F9464274264D13E2A5343EE80995A;7955.
 ) 
Here is how much of TeX's memory you used:
 11928 strings out of 476080
 190410 string characters out of 5792743
 1933975 words of memory out of 5000000
 33617 multiletter control sequences out of 15000+600000
 596971 words of font info for 57 fonts, out of 8000000 for 9000
 59 hyphenation exceptions out of 8191
 75i,7n,79p,734b,483s stack positions out of 10000i,1000n,20000p,200000b,200000s
</usr/share/texmf/fonts/type1/public/lm/lmbx12.pfb></usr/share/texmf/fonts/ty
pe1/public/lm/lmcsc10.pfb></usr/share/texmf/fonts/type1/public/lm/lmr12.pfb></u
sr/share/texmf/fonts/type1/public/lm/lmr17.pfb>
Output written on cdc.pdf (61 pages, 4847779 bytes).
PDF statistics:
 912 PDF objects out of 1000 (max. 8388607)
 714 compressed objects within 8 object streams
 186 named destinations out of 1000 (max. 500000)
 364 words of extra memory for PDF output out of 10000 (max. 10000000)

